----- 8/15/2022 6:16:03 PM: Job 'New Job': ANALYSIS started by User on computer 'DESKTOP-L4HCQPN' (GoodSync v 7.2.9.5) -----
Job 'New Job': 'C:\zjp\Work\Quantum\Students\From Yalin_share\Experimental Results\All Strategy' <-> 'C:\Users\jpzha\OneDrive_AU\Yalin_share\Experimental Results\All Strategy', PropagateDeletions, SaveDisposedFiles, UseTmpDestFile, EstimateReqSpace, CopyLockedFiles
Left: C: NTFS, Free: 135 GB, Total: 930 GB, Right: C: NTFS, Free: 135 GB, Total: 930 GB
Filters: ExcludeHidden ExcludeSystem Included='' Excluded='licens*.rfo|cache.rfo|mru.rfo|\System Volume Information|Thumbs.db'
Left: No State File found, New State will be built
Left: Files: 46 (excluded 0). Folders: 9 (excluded 1).
Skip Folder Link C:\Users\jpzha\OneDrive_AU\Yalin_share\Experimental Results\All Strategy\Variance Study\Not used\2_all_variance_results
Right: No State File found, New State will be built
Right: Files: 30 (excluded 0). Folders: 6 (excluded 2).
Changes: 18, Conflicts: 0, CopyTime: 0, CopyState: 36, Errors: 0
----- 8/15/2022 6:16:03 PM: Analysis Completed. Time 00:00:00, Speed: Many files/s -----

----- 8/15/2022 6:16:32 PM: Job 'New Job': ANALYSIS started by User on computer 'DESKTOP-L4HCQPN' (GoodSync v 7.2.9.5) -----
Job 'New Job': 'C:\zjp\Work\Quantum\Students\From Yalin_share\Experimental Results\All Strategy' <-> 'C:\Users\jpzha\OneDrive_AU\Yalin_share\Experimental Results\All Strategy', PropagateDeletions, SaveDisposedFiles, UseTmpDestFile, EstimateReqSpace, CopyLockedFiles
Left: C: NTFS, Free: 135 GB, Total: 930 GB, Right: C: NTFS, Free: 135 GB, Total: 930 GB
Filters: ExcludeHidden ExcludeSystem Included='' Excluded='licens*.rfo|cache.rfo|mru.rfo|\System Volume Information|Thumbs.db'
Left: No State File found, New State will be built
Left: Files: 46 (excluded 0). Folders: 9 (excluded 1).
Skip Folder Link C:\Users\jpzha\OneDrive_AU\Yalin_share\Experimental Results\All Strategy\Variance Study\Not used\2_all_variance_results
Right: No State File found, New State will be built
Right: Files: 30 (excluded 0). Folders: 6 (excluded 2).
Changes: 18, Conflicts: 0, CopyTime: 0, CopyState: 36, Errors: 0
----- 8/15/2022 6:16:32 PM: Analysis Completed. Time 00:00:00, Speed: Many files/s -----

